<?xml version="1.0" encoding="UTF-8"?>
<testng-results skipped="0" failed="1" ignored="4" total="8" passed="3">
  <reporter-output>
    <line>
      <![CDATA[Navigated to Sign in page successfully]]>
    </line>
    <line>
      <![CDATA[User on Sign Up Page]]>
    </line>
    <line>
      <![CDATA[User Registered successfully]]>
    </line>
    <line>
      <![CDATA[Women Items Page is now opened]]>
    </line>
    <line>
      <![CDATA[All available Items are addedd to cart successfully]]>
    </line>
    <line>
      <![CDATA[Navigated to shopping cart page successfully]]>
    </line>
    <line>
      <![CDATA[The item no.1 matches the selection in home page]]>
    </line>
    <line>
      <![CDATA[The item no.2 matches the selection in home page]]>
    </line>
    <line>
      <![CDATA[The item no.3 matches the selection in home page]]>
    </line>
    <line>
      <![CDATA[The item no.4 matches the selection in home page]]>
    </line>
    <line>
      <![CDATA[The item no.5 matches the selection in home page]]>
    </line>
    <line>
      <![CDATA[The item no.6 matches the selection in home page]]>
    </line>
    <line>
      <![CDATA[The item no.7 matches the selection in home page]]>
    </line>
    <line>
      <![CDATA[Each item price in cart matches each item selected in home Page]]>
    </line>
  </reporter-output>
  <suite name="IBM Challenge Test" duration-ms="58869" started-at="2021-02-25T05:36:00 EET" finished-at="2021-02-25T05:36:59 EET">
    <groups>
    </groups>
    <test name="Test On Chrome" duration-ms="58869" started-at="2021-02-25T05:36:00 EET" finished-at="2021-02-25T05:36:59 EET">
      <class name="tests.addAllAvailableItemsIntoCartTest">
        <test-method status="PASS" signature="initialization()[pri:0, instance:tests.addAllAvailableItemsIntoCartTest@1593948d]" name="initialization" is-config="true" duration-ms="2" started-at="2021-02-25T05:36:37 EET" finished-at="2021-02-25T05:36:37 EET">
          <reporter-output>
          </reporter-output>
        </test-method> <!-- initialization -->
        <test-method status="PASS" signature="addAllAvailableItemsIntoCart()[pri:0, instance:tests.addAllAvailableItemsIntoCartTest@1593948d]" name="addAllAvailableItemsIntoCart" duration-ms="15430" started-at="2021-02-25T05:36:37 EET" description="adding all items available into cart" finished-at="2021-02-25T05:36:52 EET">
          <reporter-output>
            <line>
              <![CDATA[Women Items Page is now opened]]>
            </line>
            <line>
              <![CDATA[All available Items are addedd to cart successfully]]>
            </line>
          </reporter-output>
        </test-method> <!-- addAllAvailableItemsIntoCart -->
      </class> <!-- tests.addAllAvailableItemsIntoCartTest -->
      <class name="tests.checkOutTest">
        <test-method status="PASS" signature="initialization()[pri:0, instance:tests.checkOutTest@1b604f19]" name="initialization" is-config="true" duration-ms="2" started-at="2021-02-25T05:36:52 EET" finished-at="2021-02-25T05:36:52 EET">
          <reporter-output>
          </reporter-output>
        </test-method> <!-- initialization -->
        <test-method status="FAIL" signature="validateCheckOutItems()[pri:0, instance:tests.checkOutTest@1b604f19]" name="validateCheckOutItems" duration-ms="5311" started-at="2021-02-25T05:36:52 EET" description="counting items returning names and prices for each item and total price" finished-at="2021-02-25T05:36:58 EET">
          <exception class="java.lang.AssertionError">
            <message>
              <![CDATA[expected [196.38] but found [196.37999]]]>
            </message>
            <full-stacktrace>
              <![CDATA[java.lang.AssertionError: expected [196.38] but found [196.37999]
at org.testng.Assert.fail(Assert.java:97)
at org.testng.Assert.failNotEquals(Assert.java:969)
at org.testng.Assert.assertEquals(Assert.java:706)
at org.testng.Assert.assertEquals(Assert.java:717)
at tests.checkOutTest.validateCheckOutItems(checkOutTest.java:62)
at sun.reflect.NativeMethodAccessorImpl.invoke0(Native Method)
at sun.reflect.NativeMethodAccessorImpl.invoke(NativeMethodAccessorImpl.java:62)
at sun.reflect.DelegatingMethodAccessorImpl.invoke(DelegatingMethodAccessorImpl.java:43)
at java.lang.reflect.Method.invoke(Method.java:498)
at org.testng.internal.MethodInvocationHelper.invokeMethod(MethodInvocationHelper.java:134)
at org.testng.internal.TestInvoker.invokeMethod(TestInvoker.java:597)
at org.testng.internal.TestInvoker.invokeTestMethod(TestInvoker.java:173)
at org.testng.internal.MethodRunner.runInSequence(MethodRunner.java:46)
at org.testng.internal.TestInvoker$MethodInvocationAgent.invoke(TestInvoker.java:816)
at org.testng.internal.TestInvoker.invokeTestMethods(TestInvoker.java:146)
at org.testng.internal.TestMethodWorker.invokeTestMethods(TestMethodWorker.java:146)
at org.testng.internal.TestMethodWorker.run(TestMethodWorker.java:128)
at java.util.ArrayList.forEach(ArrayList.java:1259)
at org.testng.TestRunner.privateRun(TestRunner.java:766)
at org.testng.TestRunner.run(TestRunner.java:587)
at org.testng.SuiteRunner.runTest(SuiteRunner.java:384)
at org.testng.SuiteRunner.runSequentially(SuiteRunner.java:378)
at org.testng.SuiteRunner.privateRun(SuiteRunner.java:337)
at org.testng.SuiteRunner.run(SuiteRunner.java:286)
at org.testng.SuiteRunnerWorker.runSuite(SuiteRunnerWorker.java:53)
at org.testng.SuiteRunnerWorker.run(SuiteRunnerWorker.java:96)
at org.testng.TestNG.runSuitesSequentially(TestNG.java:1187)
at org.testng.TestNG.runSuitesLocally(TestNG.java:1109)
at org.testng.TestNG.runSuites(TestNG.java:1039)
at org.testng.TestNG.run(TestNG.java:1007)
at com.intellij.rt.testng.IDEARemoteTestNG.run(IDEARemoteTestNG.java:66)
at com.intellij.rt.testng.RemoteTestNGStarter.main(RemoteTestNGStarter.java:109)
]]>
            </full-stacktrace>
          </exception> <!-- java.lang.AssertionError -->
          <reporter-output>
            <line>
              <![CDATA[Navigated to shopping cart page successfully]]>
            </line>
            <line>
              <![CDATA[The item no.1 matches the selection in home page]]>
            </line>
            <line>
              <![CDATA[The item no.2 matches the selection in home page]]>
            </line>
            <line>
              <![CDATA[The item no.3 matches the selection in home page]]>
            </line>
            <line>
              <![CDATA[The item no.4 matches the selection in home page]]>
            </line>
            <line>
              <![CDATA[The item no.5 matches the selection in home page]]>
            </line>
            <line>
              <![CDATA[The item no.6 matches the selection in home page]]>
            </line>
            <line>
              <![CDATA[The item no.7 matches the selection in home page]]>
            </line>
            <line>
              <![CDATA[Each item price in cart matches each item selected in home Page]]>
            </line>
          </reporter-output>
        </test-method> <!-- validateCheckOutItems -->
      </class> <!-- tests.checkOutTest -->
      <class name="tests.signUpTest">
        <test-method status="PASS" signature="setup()[pri:0, instance:tests.signUpTest@482f8f11]" name="setup" is-config="true" duration-ms="27836" started-at="2021-02-25T05:36:00 EET" finished-at="2021-02-25T05:36:27 EET">
          <reporter-output>
          </reporter-output>
        </test-method> <!-- setup -->
        <test-method status="PASS" signature="initialization()[pri:0, instance:tests.signUpTest@482f8f11]" name="initialization" is-config="true" duration-ms="11" started-at="2021-02-25T05:36:27 EET" finished-at="2021-02-25T05:36:28 EET">
          <reporter-output>
          </reporter-output>
        </test-method> <!-- initialization -->
        <test-method status="PASS" signature="navigateToSignUpPage()[pri:1, instance:tests.signUpTest@482f8f11]" name="navigateToSignUpPage" duration-ms="5641" started-at="2021-02-25T05:36:28 EET" description="Click on Sign In button from Home Page to navigate to Sign up page" finished-at="2021-02-25T05:36:33 EET">
          <reporter-output>
            <line>
              <![CDATA[Navigated to Sign in page successfully]]>
            </line>
            <line>
              <![CDATA[User on Sign Up Page]]>
            </line>
          </reporter-output>
        </test-method> <!-- navigateToSignUpPage -->
        <test-method status="PASS" signature="fillSignUpForm()[pri:2, instance:tests.signUpTest@482f8f11]" name="fillSignUpForm" duration-ms="3827" started-at="2021-02-25T05:36:33 EET" description="Fill Sign up Form" finished-at="2021-02-25T05:36:37 EET">
          <reporter-output>
            <line>
              <![CDATA[User Registered successfully]]>
            </line>
          </reporter-output>
        </test-method> <!-- fillSignUpForm -->
        <test-method status="PASS" signature="teardown()[pri:0, instance:tests.signUpTest@482f8f11]" name="teardown" is-config="true" duration-ms="738" started-at="2021-02-25T05:36:58 EET" finished-at="2021-02-25T05:36:59 EET">
          <reporter-output>
          </reporter-output>
        </test-method> <!-- teardown -->
      </class> <!-- tests.signUpTest -->
    </test> <!-- Test On Chrome -->
  </suite> <!-- IBM Challenge Test -->
</testng-results>
