<html>
<head>
<title>TestNG:  Test On Chrome</title>
<link href="../testng.css" rel="stylesheet" type="text/css" />
<link href="../my-testng.css" rel="stylesheet" type="text/css" />

<style type="text/css">
.log { display: none;} 
.stack-trace { display: none;} 
</style>
<script type="text/javascript">
<!--
function flip(e) {
  current = e.style.display;
  if (current == 'block') {
    e.style.display = 'none';
    return 0;
  }
  else {
    e.style.display = 'block';
    return 1;
  }
}

function toggleBox(szDivId, elem, msg1, msg2)
{
  var res = -1;  if (document.getElementById) {
    res = flip(document.getElementById(szDivId));
  }
  else if (document.all) {
    // this is the way old msie versions work
    res = flip(document.all[szDivId]);
  }
  if(elem) {
    if(res == 0) elem.innerHTML = msg1; else elem.innerHTML = msg2;
  }

}

function toggleAllBoxes() {
  if (document.getElementsByTagName) {
    d = document.getElementsByTagName('div');
    for (i = 0; i < d.length; i++) {
      if (d[i].className == 'log') {
        flip(d[i]);
      }
    }
  }
}

// -->
</script>

</head>
<body>
<h2 align='center'>Test On Chrome</h2><table border='1' align="center">
<tr>
<td>Tests passed/Failed/Skipped:</td><td>3/1/0</td>
</tr><tr>
<td>Started on:</td><td>Thu Feb 25 05:36:00 EET 2021</td>
</tr>
<tr><td>Total time:</td><td>58 seconds (58869 ms)</td>
</tr><tr>
<td>Included groups:</td><td></td>
</tr><tr>
<td>Excluded groups:</td><td></td>
</tr>
</table><p/>
<small><i>(Hover the method name to see the test class name)</i></small><p/>
<table width='100%' border='1' class='invocation-failed'>
<tr><td colspan='4' align='center'><b>FAILED TESTS</b></td></tr>
<tr><td><b>Test method</b></td>
<td width="30%"><b>Exception</b></td>
<td width="10%"><b>Time (seconds)</b></td>
<td><b>Instance</b></td>
</tr>
<tr>
<td title='tests.checkOutTest.validateCheckOutItems()'><b>validateCheckOutItems</b><br>Test class: tests.checkOutTest<br>Test method: counting items returning names and prices for each item and total price<br/>
<a href="#Output-602161799" onClick='toggleBox("Output-602161799", this, "Show output", "Hide output");'>Show output</a>

<a href="#Output-602161799" onClick="toggleAllBoxes();">Show all outputs</a>
<div class='log' id="Output-602161799">
Navigated to shopping cart page successfully<br/>
The item no.1 matches the selection in home page<br/>
The item no.2 matches the selection in home page<br/>
The item no.3 matches the selection in home page<br/>
The item no.4 matches the selection in home page<br/>
The item no.5 matches the selection in home page<br/>
The item no.6 matches the selection in home page<br/>
The item no.7 matches the selection in home page<br/>
Each item price in cart matches each item selected in home Page<br/>
</div>
</td>
<td><div><pre>java.lang.AssertionError: expected [196.38] but found [196.37999]
	at tests.checkOutTest.validateCheckOutItems(checkOutTest.java:62)
	at java.util.ArrayList.forEach(ArrayList.java:1259)
	at com.intellij.rt.testng.IDEARemoteTestNG.run(IDEARemoteTestNG.java:66)
	at com.intellij.rt.testng.RemoteTestNGStarter.main(RemoteTestNGStarter.java:109)
... Removed 28 stack frames</pre></div><a href='#' onClick='toggleBox("stack-trace602161799", this, "Click to show all stack frames", "Click to hide stack frames")'>Click to show all stack frames</a>
<div class='stack-trace' id='stack-trace602161799'><pre>java.lang.AssertionError: expected [196.38] but found [196.37999]
	at org.testng.Assert.fail(Assert.java:97)
	at org.testng.Assert.failNotEquals(Assert.java:969)
	at org.testng.Assert.assertEquals(Assert.java:706)
	at org.testng.Assert.assertEquals(Assert.java:717)
	at tests.checkOutTest.validateCheckOutItems(checkOutTest.java:62)
	at sun.reflect.NativeMethodAccessorImpl.invoke0(Native Method)
	at sun.reflect.NativeMethodAccessorImpl.invoke(NativeMethodAccessorImpl.java:62)
	at sun.reflect.DelegatingMethodAccessorImpl.invoke(DelegatingMethodAccessorImpl.java:43)
	at java.lang.reflect.Method.invoke(Method.java:498)
	at org.testng.internal.MethodInvocationHelper.invokeMethod(MethodInvocationHelper.java:134)
	at org.testng.internal.TestInvoker.invokeMethod(TestInvoker.java:597)
	at org.testng.internal.TestInvoker.invokeTestMethod(TestInvoker.java:173)
	at org.testng.internal.MethodRunner.runInSequence(MethodRunner.java:46)
	at org.testng.internal.TestInvoker$MethodInvocationAgent.invoke(TestInvoker.java:816)
	at org.testng.internal.TestInvoker.invokeTestMethods(TestInvoker.java:146)
	at org.testng.internal.TestMethodWorker.invokeTestMethods(TestMethodWorker.java:146)
	at org.testng.internal.TestMethodWorker.run(TestMethodWorker.java:128)
	at java.util.ArrayList.forEach(ArrayList.java:1259)
	at org.testng.TestRunner.privateRun(TestRunner.java:766)
	at org.testng.TestRunner.run(TestRunner.java:587)
	at org.testng.SuiteRunner.runTest(SuiteRunner.java:384)
	at org.testng.SuiteRunner.runSequentially(SuiteRunner.java:378)
	at org.testng.SuiteRunner.privateRun(SuiteRunner.java:337)
	at org.testng.SuiteRunner.run(SuiteRunner.java:286)
	at org.testng.SuiteRunnerWorker.runSuite(SuiteRunnerWorker.java:53)
	at org.testng.SuiteRunnerWorker.run(SuiteRunnerWorker.java:96)
	at org.testng.TestNG.runSuitesSequentially(TestNG.java:1187)
	at org.testng.TestNG.runSuitesLocally(TestNG.java:1109)
	at org.testng.TestNG.runSuites(TestNG.java:1039)
	at org.testng.TestNG.run(TestNG.java:1007)
	at com.intellij.rt.testng.IDEARemoteTestNG.run(IDEARemoteTestNG.java:66)
	at com.intellij.rt.testng.RemoteTestNGStarter.main(RemoteTestNGStarter.java:109)
</pre></div></td>
<td>5</td>
<td>tests.checkOutTest@1b604f19</td></tr>
</table><p>
<table width='100%' border='1' class='invocation-passed'>
<tr><td colspan='4' align='center'><b>PASSED TESTS</b></td></tr>
<tr><td><b>Test method</b></td>
<td width="30%"><b>Exception</b></td>
<td width="10%"><b>Time (seconds)</b></td>
<td><b>Instance</b></td>
</tr>
<tr>
<td title='tests.addAllAvailableItemsIntoCartTest.addAllAvailableItemsIntoCart()'><b>addAllAvailableItemsIntoCart</b><br>Test class: tests.addAllAvailableItemsIntoCartTest<br>Test method: adding all items available into cart<br/>
<a href="#Output-1799635803" onClick='toggleBox("Output-1799635803", this, "Show output", "Hide output");'>Show output</a>

<a href="#Output-1799635803" onClick="toggleAllBoxes();">Show all outputs</a>
<div class='log' id="Output-1799635803">
Women Items Page is now opened<br/>
All available Items are addedd to cart successfully<br/>
</div>
</td>
<td></td>
<td>15</td>
<td>tests.addAllAvailableItemsIntoCartTest@1593948d</td></tr>
<tr>
<td title='tests.signUpTest.fillSignUpForm()'><b>fillSignUpForm</b><br>Test class: tests.signUpTest<br>Test method: Fill Sign up Form<br/>
<a href="#Output-1830745997" onClick='toggleBox("Output-1830745997", this, "Show output", "Hide output");'>Show output</a>

<a href="#Output-1830745997" onClick="toggleAllBoxes();">Show all outputs</a>
<div class='log' id="Output-1830745997">
User Registered successfully<br/>
</div>
</td>
<td></td>
<td>3</td>
<td>tests.signUpTest@482f8f11</td></tr>
<tr>
<td title='tests.signUpTest.navigateToSignUpPage()'><b>navigateToSignUpPage</b><br>Test class: tests.signUpTest<br>Test method: Click on Sign In button from Home Page to navigate to Sign up page<br/>
<a href="#Output-61681175" onClick='toggleBox("Output-61681175", this, "Show output", "Hide output");'>Show output</a>

<a href="#Output-61681175" onClick="toggleAllBoxes();">Show all outputs</a>
<div class='log' id="Output-61681175">
Navigated to Sign in page successfully<br/>
User on Sign Up Page<br/>
</div>
</td>
<td></td>
<td>5</td>
<td>tests.signUpTest@482f8f11</td></tr>
</table><p>
</body>
</html>